<?xml version="1.0" encoding="UTF-8"?>
<!-- Generated by org.testng.reporters.JUnitReportReporter -->
<testsuite hostname="Vino" failures="0" tests="4" name="Testlearn.TestNgtwo" time="0.048" errors="0" timestamp="2020-05-03T21:10:12 IST" skipped="0">
  <testcase classname="Testlearn.TestNgtwo" name="rightpanel" time="0.009"/>
  <system-out/>
  <testcase classname="Testlearn.TestNgtwo" name="a_leftpanel" time="0.018"/>
  <system-out/>
  <testcase classname="Testlearn.TestNgtwo" name="g_dashboard1" time="0.004"/>
  <system-out/>
  <testcase classname="Testlearn.TestNgtwo" name="dashboard2" time="0.017"/>
  <system-out/>
</testsuite> <!-- Testlearn.TestNgtwo -->
