<?xml version="1.0" encoding="UTF-8"?>
<!-- Generated by org.testng.reporters.JUnitReportReporter -->
<testsuite hostname="Vino" failures="0" tests="3" name="Testlearn.TestNgbasic" time="0.036" errors="0" timestamp="2020-05-24T20:30:57 IST" skipped="0">
  <testcase classname="Testlearn.TestNgbasic" name="registerpage2" time="0.007"/>
  <system-out/>
  <testcase classname="Testlearn.TestNgbasic" name="registerpage1" time="0.009"/>
  <system-out/>
  <testcase classname="Testlearn.TestNgbasic" name="displaylogin" time="0.020"/>
  <system-out/>
</testsuite> <!-- Testlearn.TestNgbasic -->
