<?xml version="1.0" encoding="UTF-8"?>
<!-- Generated by org.testng.reporters.JUnitReportReporter -->
<testsuite hostname="Vino" failures="0" tests="4" name="Testlearn.t1t2" time="0.052" errors="0" timestamp="2020-05-24T21:29:29 IST" skipped="0">
  <testcase classname="Testlearn.t1t2" name="Testcase2" time="0.012"/>
  <system-out>
Testcase2is pass  </system-out>
  <testcase classname="Testlearn.t1t2" name="Testcase1" time="0.023"/>
  <system-out>
username entered:u1 password entered:p1 Testcase1is pass  </system-out>
  <testcase classname="Testlearn.t1t2" name="Testcase1" time="0.008"/>
  <system-out>
username entered:u2 password entered:p2 Testcase1is pass  </system-out>
  <testcase classname="Testlearn.t1t2" name="Testcase2" time="0.009"/>
  <system-out>
Testcase2is pass  </system-out>
</testsuite> <!-- Testlearn.t1t2 -->
