<?xml version="1.0" encoding="UTF-8"?>
<!-- Generated by org.testng.reporters.JUnitReportReporter -->
<testsuite hostname="Vino" failures="0" tests="4" name="Testlearn.dpparent" time="0.032" errors="0" timestamp="2020-05-24T23:11:03 IST" skipped="0">
  <testcase classname="Testlearn.dpparent" name="test1" time="0.007"/>
  <system-out/>
  <testcase classname="Testlearn.dpparent" name="test2" time="0.005"/>
  <system-out/>
  <testcase classname="Testlearn.dpparent" name="test2" time="0.004"/>
  <system-out/>
  <testcase classname="Testlearn.dpparent" name="test1" time="0.016"/>
  <system-out/>
</testsuite> <!-- Testlearn.dpparent -->
