<?xml version="1.0" encoding="UTF-8"?>
<!-- Generated by org.testng.reporters.JUnitReportReporter -->
<testsuite hostname="Vino" failures="0" tests="2" name="Testlearn.dpparalel" time="29.178" errors="0" timestamp="2020-05-09T16:14:56 IST" skipped="0">
  <testcase classname="Testlearn.dpparalel" name="dbrowser" time="8.836"/>
  <system-out/>
  <testcase classname="Testlearn.dpparalel" name="dbrowser" time="20.342"/>
  <system-out/>
</testsuite> <!-- Testlearn.dpparalel -->
