<?xml version="1.0" encoding="UTF-8"?>
<!-- Generated by org.testng.reporters.JUnitReportReporter -->
<testsuite hostname="Vino" failures="0" tests="1" name="Testlearn.dummy" time="0.039" errors="0" timestamp="2020-05-08T09:15:06 IST" skipped="0">
  <testcase classname="Testlearn.dummy" name="me" time="0.039"/>
  <system-out/>
</testsuite> <!-- Testlearn.dummy -->
