<?xml version="1.0" encoding="UTF-8"?>
<!-- Generated by org.testng.reporters.JUnitReportReporter -->
<testsuite hostname="Vino" failures="0" tests="3" name="Testlearn.dpwithcl" time="0.034" errors="0" timestamp="2020-05-04T22:40:21 IST" skipped="0">
  <testcase classname="Testlearn.dpwithcl" name="loginer" time="0.012"/>
  <system-out/>
  <testcase classname="Testlearn.dpwithcl" name="loginer" time="0.005"/>
  <system-out/>
  <testcase classname="Testlearn.dpwithcl" name="loginer" time="0.017"/>
  <system-out/>
</testsuite> <!-- Testlearn.dpwithcl -->
