<?xml version="1.0" encoding="UTF-8"?>
<!-- Generated by org.testng.reporters.JUnitReportReporter -->
<testsuite hostname="Vino" failures="0" tests="4" name="Testlearn.TestNgtwo" time="0.036" errors="0" timestamp="2020-05-24T22:42:09 IST" skipped="2">
  <testcase classname="Testlearn.TestNgtwo" name="a_leftpanel" time="0.027"/>
  <system-out/>
  <testcase classname="Testlearn.TestNgtwo" name="g_dashboard1" time="0.005">
    <skipped/>
  </testcase> <!-- g_dashboard1 -->
  <system-out/>
  <testcase classname="Testlearn.TestNgtwo" name="dashboard2" time="0.004"/>
  <system-out/>
  <testcase classname="Testlearn.TestNgtwo" name="incomplete">
    <skipped/>
  </testcase> <!-- incomplete -->
  <system-out/>
</testsuite> <!-- Testlearn.TestNgtwo -->
