<?xml version="1.0" encoding="UTF-8"?>
<!-- Generated by org.testng.reporters.JUnitReportReporter -->
<testsuite hostname="Vino" failures="0" tests="4" name="Testlearn.Tparalel" time="17.650" errors="0" timestamp="2020-05-10T20:49:14 IST" skipped="0">
  <testcase classname="Testlearn.Tparalel" name="IEBrowser" time="8.880"/>
  <system-out/>
  <testcase classname="Testlearn.Tparalel" name="chromeBrowser" time="8.743"/>
  <system-out/>
  <testcase classname="Testlearn.Tparalel" name="IEBrowser" time="0.023"/>
  <system-out/>
  <testcase classname="Testlearn.Tparalel" name="chromeBrowser" time="0.004"/>
  <system-out/>
</testsuite> <!-- Testlearn.Tparalel -->
