<?xml version="1.0" encoding="UTF-8"?>
<!-- Generated by org.testng.reporters.JUnitReportReporter -->
<testsuite hostname="Vino" failures="0" tests="2" name="Testlearn.Tparamter" time="0.029" errors="0" timestamp="2020-05-04T21:29:42 IST" skipped="0">
  <testcase classname="Testlearn.Tparamter" name="login1" time="0.021"/>
  <system-out/>
  <testcase classname="Testlearn.Tparamter" name="login2" time="0.008"/>
  <system-out/>
</testsuite> <!-- Testlearn.Tparamter -->
