<?xml version="1.0" encoding="UTF-8"?>
<!-- Generated by org.testng.reporters.JUnitReportReporter -->
<testsuite hostname="Vino" failures="0" tests="2" name="Testlearn.TestNgbasic" time="0.021" errors="0" timestamp="2020-05-03T21:10:12 IST" skipped="0">
  <testcase classname="Testlearn.TestNgbasic" name="registerpage1" time="0.011"/>
  <system-out/>
  <testcase classname="Testlearn.TestNgbasic" name="displaylogin" time="0.010"/>
  <system-out/>
</testsuite> <!-- Testlearn.TestNgbasic -->
