<?xml version="1.0" encoding="UTF-8"?>
<!-- Generated by org.testng.reporters.JUnitReportReporter -->
<testsuite hostname="Vino" failures="0" tests="3" name="Testlearn.dpwithcl" time="0.034" errors="0" timestamp="2020-05-24T22:47:43 IST" skipped="0">
  <testcase classname="Testlearn.dpwithcl" name="loginer" time="0.020"/>
  <system-out/>
  <testcase classname="Testlearn.dpwithcl" name="loginer" time="0.008"/>
  <system-out/>
  <testcase classname="Testlearn.dpwithcl" name="loginer" time="0.006"/>
  <system-out/>
</testsuite> <!-- Testlearn.dpwithcl -->
