<?xml version="1.0" encoding="UTF-8"?>
<!-- Generated by org.testng.reporters.JUnitReportReporter -->
<testsuite hostname="Vino" failures="0" tests="2" name="Testlearn.Tparalelmethods" time="19.493" errors="0" timestamp="2020-05-10T20:48:48 IST" skipped="0">
  <testcase classname="Testlearn.Tparalelmethods" name="chromeBrowser" time="11.013"/>
  <system-out/>
  <testcase classname="Testlearn.Tparalelmethods" name="IEBrowser" time="8.480"/>
  <system-out/>
</testsuite> <!-- Testlearn.Tparalelmethods -->
